<?xml version="1.0" encoding="UTF-8"?>
<!-- Generated by org.testng.reporters.JUnitReportReporter -->
<testsuite hostname="LAPTOP-UAD9QP4G" failures="0" tests="9" name="FUNCTION2.TimKiemGiangVien_HocKy_BangBieu" time="0.977" errors="1" timestamp="2024-03-20T23:39:38 ICT" skipped="8">
  <testcase classname="FUNCTION2.TimKiemGiangVien_HocKy_BangBieu" name="setup" time="0.977">
    <error message="Could not start a new session. Response code 500. Message: session not created: Chrome failed to start: exited normally.
  (session not created: DevToolsActivePort file doesn&#039;t exist)
  (The process started from chrome location C:\Program Files\Google\Chrome\Application\chrome.exe is no longer running, so ChromeDriver is assuming that Chrome has crashed.) 
Host info: host: &#039;LAPTOP-UAD9QP4G&#039;, ip: &#039;192.168.0.86&#039;
Build info: version: &#039;4.18.1&#039;, revision: &#039;b1d3319b48&#039;
System info: os.name: &#039;Windows 11&#039;, os.arch: &#039;amd64&#039;, os.version: &#039;10.0&#039;, java.version: &#039;20.0.2&#039;
Driver info: org.openqa.selenium.chrome.ChromeDriver
Command: [null, newSession {capabilities=[Capabilities {browserName: chrome, goog:chromeOptions: {args: [user-data-dir=C:\Users\AN51...], extensions: []}}]}]" type="org.openqa.selenium.SessionNotCreatedException">
      <![CDATA[org.openqa.selenium.SessionNotCreatedException: Could not start a new session. Response code 500. Message: session not created: Chrome failed to start: exited normally.
  (session not created: DevToolsActivePort file doesn't exist)
  (The process started from chrome location C:\Program Files\Google\Chrome\Application\chrome.exe is no longer running, so ChromeDriver is assuming that Chrome has crashed.) 
Host info: host: 'LAPTOP-UAD9QP4G', ip: '192.168.0.86'
Build info: version: '4.18.1', revision: 'b1d3319b48'
System info: os.name: 'Windows 11', os.arch: 'amd64', os.version: '10.0', java.version: '20.0.2'
Driver info: org.openqa.selenium.chrome.ChromeDriver
Command: [null, newSession {capabilities=[Capabilities {browserName: chrome, goog:chromeOptions: {args: [user-data-dir=C:\Users\AN51...], extensions: []}}]}]
at org.openqa.selenium.remote.ProtocolHandshake.createSession(ProtocolHandshake.java:139)
at org.openqa.selenium.remote.ProtocolHandshake.createSession(ProtocolHandshake.java:95)
at org.openqa.selenium.remote.ProtocolHandshake.createSession(ProtocolHandshake.java:67)
at org.openqa.selenium.remote.HttpCommandExecutor.execute(HttpCommandExecutor.java:162)
at org.openqa.selenium.remote.service.DriverCommandExecutor.invokeExecute(DriverCommandExecutor.java:216)
at org.openqa.selenium.remote.service.DriverCommandExecutor.execute(DriverCommandExecutor.java:174)
at org.openqa.selenium.remote.RemoteWebDriver.execute(RemoteWebDriver.java:519)
at org.openqa.selenium.remote.RemoteWebDriver.startSession(RemoteWebDriver.java:233)
at org.openqa.selenium.remote.RemoteWebDriver.<init>(RemoteWebDriver.java:162)
at org.openqa.selenium.chromium.ChromiumDriver.<init>(ChromiumDriver.java:114)
at org.openqa.selenium.chrome.ChromeDriver.<init>(ChromeDriver.java:89)
at org.openqa.selenium.chrome.ChromeDriver.<init>(ChromeDriver.java:84)
at org.openqa.selenium.chrome.ChromeDriver.<init>(ChromeDriver.java:73)
at FUNCTION2.TimKiemGiangVien_HocKy_BangBieu.setup(TimKiemGiangVien_HocKy_BangBieu.java:32)
at java.base/jdk.internal.reflect.DirectMethodHandleAccessor.invoke(DirectMethodHandleAccessor.java:104)
at java.base/java.lang.reflect.Method.invoke(Method.java:578)
at org.testng.internal.MethodInvocationHelper.invokeMethod(MethodInvocationHelper.java:133)
at org.testng.internal.MethodInvocationHelper.invokeMethodConsideringTimeout(MethodInvocationHelper.java:62)
at org.testng.internal.ConfigInvoker.invokeConfigurationMethod(ConfigInvoker.java:385)
at org.testng.internal.ConfigInvoker.invokeConfigurations(ConfigInvoker.java:321)
at org.testng.SuiteRunner.privateRun(SuiteRunner.java:317)
at org.testng.SuiteRunner.run(SuiteRunner.java:276)
at org.testng.SuiteRunnerWorker.runSuite(SuiteRunnerWorker.java:53)
at org.testng.SuiteRunnerWorker.run(SuiteRunnerWorker.java:96)
at org.testng.TestNG.runSuitesSequentially(TestNG.java:1212)
at org.testng.TestNG.runSuitesLocally(TestNG.java:1134)
at org.testng.TestNG.runSuites(TestNG.java:1063)
at org.testng.TestNG.run(TestNG.java:1031)
at org.testng.remote.AbstractRemoteTestNG.run(AbstractRemoteTestNG.java:115)
at org.testng.remote.RemoteTestNG.initAndRun(RemoteTestNG.java:251)
at org.testng.remote.RemoteTestNG.main(RemoteTestNG.java:77)
]]>
    </error>
  </testcase> <!-- setup -->
  <system-out/>
  <testcase classname="FUNCTION2.TimKiemGiangVien_HocKy_BangBieu" name="SearchBangBieu3" time="0.000">
    <skipped/>
  </testcase> <!-- SearchBangBieu3 -->
  <system-out/>
  <testcase classname="FUNCTION2.TimKiemGiangVien_HocKy_BangBieu" name="SearchBangBieu8" time="0.000">
    <skipped/>
  </testcase> <!-- SearchBangBieu8 -->
  <system-out/>
  <testcase classname="FUNCTION2.TimKiemGiangVien_HocKy_BangBieu" name="SearchBangBieu5" time="0.000">
    <skipped/>
  </testcase> <!-- SearchBangBieu5 -->
  <system-out/>
  <testcase classname="FUNCTION2.TimKiemGiangVien_HocKy_BangBieu" name="SearchBangBieu6" time="0.000">
    <skipped/>
  </testcase> <!-- SearchBangBieu6 -->
  <system-out/>
  <testcase classname="FUNCTION2.TimKiemGiangVien_HocKy_BangBieu" name="SearchBangBieu1" time="0.000">
    <skipped/>
  </testcase> <!-- SearchBangBieu1 -->
  <system-out/>
  <testcase classname="FUNCTION2.TimKiemGiangVien_HocKy_BangBieu" name="SearchBangBieu2" time="0.000">
    <skipped/>
  </testcase> <!-- SearchBangBieu2 -->
  <system-out/>
  <testcase classname="FUNCTION2.TimKiemGiangVien_HocKy_BangBieu" name="SearchBangBieu7" time="0.000">
    <skipped/>
  </testcase> <!-- SearchBangBieu7 -->
  <system-out/>
  <testcase classname="FUNCTION2.TimKiemGiangVien_HocKy_BangBieu" name="SearchBangBieu4" time="0.000">
    <skipped/>
  </testcase> <!-- SearchBangBieu4 -->
  <system-out/>
</testsuite> <!-- FUNCTION2.TimKiemGiangVien_HocKy_BangBieu -->
