<?xml version="1.0" encoding="UTF-8"?>
<!-- Generated by org.testng.reporters.JUnitReportReporter -->
<testsuite hostname="LAPTOP-UAD9QP4G" failures="0" tests="9" name="FUNCTION2.TimKiemGiangVien_HocKy_ChiTiet" time="26.196" errors="1" timestamp="2024-03-20T23:41:29 ICT" skipped="8">
  <testcase classname="FUNCTION2.TimKiemGiangVien_HocKy_ChiTiet" name="SearchBangBieu4" time="0.000">
    <skipped/>
  </testcase> <!-- SearchBangBieu4 -->
  <system-out/>
  <testcase classname="FUNCTION2.TimKiemGiangVien_HocKy_ChiTiet" name="setup" time="26.196">
    <error message="no such element: Unable to locate element: {&quot;method&quot;:&quot;css selector&quot;,&quot;selector&quot;:&quot;#OpenIdConnect&quot;}
  (Session info: chrome=123.0.6312.58)
For documentation on this error, please visit: https://www.selenium.dev/documentation/webdriver/troubleshooting/errors#no-such-element-exception
Build info: version: &#039;4.18.1&#039;, revision: &#039;b1d3319b48&#039;
System info: os.name: &#039;Windows 11&#039;, os.arch: &#039;amd64&#039;, os.version: &#039;10.0&#039;, java.version: &#039;20.0.2&#039;
Driver info: org.openqa.selenium.chrome.ChromeDriver
Command: [66cd169e60cafb46485af0624f0e4647, findElement {using=id, value=OpenIdConnect}]
Capabilities {acceptInsecureCerts: false, browserName: chrome, browserVersion: 123.0.6312.58, chrome: {chromedriverVersion: 123.0.6312.58 (6b4b19e9dfbb..., userDataDir: C:\Users\AN515-45\AppData\L...}, fedcm:accounts: true, goog:chromeOptions: {debuggerAddress: localhost:59480}, networkConnectionEnabled: false, pageLoadStrategy: normal, platformName: windows, proxy: Proxy(), se:cdp: ws://localhost:59480/devtoo..., se:cdpVersion: 123.0.6312.58, setWindowRect: true, strictFileInteractability: false, timeouts: {implicit: 0, pageLoad: 300000, script: 30000}, unhandledPromptBehavior: dismiss and notify, webauthn:extension:credBlob: true, webauthn:extension:largeBlob: true, webauthn:extension:minPinLength: true, webauthn:extension:prf: true, webauthn:virtualAuthenticators: true}
Session ID: 66cd169e60cafb46485af0624f0e4647" type="org.openqa.selenium.NoSuchElementException">
      <![CDATA[org.openqa.selenium.NoSuchElementException: no such element: Unable to locate element: {"method":"css selector","selector":"#OpenIdConnect"}
  (Session info: chrome=123.0.6312.58)
For documentation on this error, please visit: https://www.selenium.dev/documentation/webdriver/troubleshooting/errors#no-such-element-exception
Build info: version: '4.18.1', revision: 'b1d3319b48'
System info: os.name: 'Windows 11', os.arch: 'amd64', os.version: '10.0', java.version: '20.0.2'
Driver info: org.openqa.selenium.chrome.ChromeDriver
Command: [66cd169e60cafb46485af0624f0e4647, findElement {using=id, value=OpenIdConnect}]
Capabilities {acceptInsecureCerts: false, browserName: chrome, browserVersion: 123.0.6312.58, chrome: {chromedriverVersion: 123.0.6312.58 (6b4b19e9dfbb..., userDataDir: C:\Users\AN515-45\AppData\L...}, fedcm:accounts: true, goog:chromeOptions: {debuggerAddress: localhost:59480}, networkConnectionEnabled: false, pageLoadStrategy: normal, platformName: windows, proxy: Proxy(), se:cdp: ws://localhost:59480/devtoo..., se:cdpVersion: 123.0.6312.58, setWindowRect: true, strictFileInteractability: false, timeouts: {implicit: 0, pageLoad: 300000, script: 30000}, unhandledPromptBehavior: dismiss and notify, webauthn:extension:credBlob: true, webauthn:extension:largeBlob: true, webauthn:extension:minPinLength: true, webauthn:extension:prf: true, webauthn:virtualAuthenticators: true}
Session ID: 66cd169e60cafb46485af0624f0e4647
at java.base/jdk.internal.reflect.DirectConstructorHandleAccessor.newInstance(DirectConstructorHandleAccessor.java:67)
at java.base/java.lang.reflect.Constructor.newInstanceWithCaller(Constructor.java:500)
at java.base/java.lang.reflect.Constructor.newInstance(Constructor.java:484)
at org.openqa.selenium.remote.ErrorCodec.decode(ErrorCodec.java:167)
at org.openqa.selenium.remote.codec.w3c.W3CHttpResponseCodec.decode(W3CHttpResponseCodec.java:138)
at org.openqa.selenium.remote.codec.w3c.W3CHttpResponseCodec.decode(W3CHttpResponseCodec.java:50)
at org.openqa.selenium.remote.HttpCommandExecutor.execute(HttpCommandExecutor.java:190)
at org.openqa.selenium.remote.service.DriverCommandExecutor.invokeExecute(DriverCommandExecutor.java:216)
at org.openqa.selenium.remote.service.DriverCommandExecutor.execute(DriverCommandExecutor.java:174)
at org.openqa.selenium.remote.RemoteWebDriver.execute(RemoteWebDriver.java:519)
at org.openqa.selenium.remote.ElementLocation$ElementFinder$2.findElement(ElementLocation.java:165)
at org.openqa.selenium.remote.ElementLocation.findElement(ElementLocation.java:66)
at org.openqa.selenium.remote.RemoteWebDriver.findElement(RemoteWebDriver.java:356)
at org.openqa.selenium.remote.RemoteWebDriver.findElement(RemoteWebDriver.java:350)
at FUNCTION2.TimKiemGiangVien_HocKy_ChiTiet.setup(TimKiemGiangVien_HocKy_ChiTiet.java:34)
at java.base/jdk.internal.reflect.DirectMethodHandleAccessor.invoke(DirectMethodHandleAccessor.java:104)
at java.base/java.lang.reflect.Method.invoke(Method.java:578)
at org.testng.internal.MethodInvocationHelper.invokeMethod(MethodInvocationHelper.java:133)
at org.testng.internal.MethodInvocationHelper.invokeMethodConsideringTimeout(MethodInvocationHelper.java:62)
at org.testng.internal.ConfigInvoker.invokeConfigurationMethod(ConfigInvoker.java:385)
at org.testng.internal.ConfigInvoker.invokeConfigurations(ConfigInvoker.java:321)
at org.testng.SuiteRunner.privateRun(SuiteRunner.java:317)
at org.testng.SuiteRunner.run(SuiteRunner.java:276)
at org.testng.SuiteRunnerWorker.runSuite(SuiteRunnerWorker.java:53)
at org.testng.SuiteRunnerWorker.run(SuiteRunnerWorker.java:96)
at org.testng.TestNG.runSuitesSequentially(TestNG.java:1212)
at org.testng.TestNG.runSuitesLocally(TestNG.java:1134)
at org.testng.TestNG.runSuites(TestNG.java:1063)
at org.testng.TestNG.run(TestNG.java:1031)
at org.testng.remote.AbstractRemoteTestNG.run(AbstractRemoteTestNG.java:115)
at org.testng.remote.RemoteTestNG.initAndRun(RemoteTestNG.java:251)
at org.testng.remote.RemoteTestNG.main(RemoteTestNG.java:77)
]]>
    </error>
  </testcase> <!-- setup -->
  <system-out/>
  <testcase classname="FUNCTION2.TimKiemGiangVien_HocKy_ChiTiet" name="SearchBangBieu7" time="0.000">
    <skipped/>
  </testcase> <!-- SearchBangBieu7 -->
  <system-out/>
  <testcase classname="FUNCTION2.TimKiemGiangVien_HocKy_ChiTiet" name="SearchBangBieu3" time="0.000">
    <skipped/>
  </testcase> <!-- SearchBangBieu3 -->
  <system-out/>
  <testcase classname="FUNCTION2.TimKiemGiangVien_HocKy_ChiTiet" name="SearchBangBieu5" time="0.000">
    <skipped/>
  </testcase> <!-- SearchBangBieu5 -->
  <system-out/>
  <testcase classname="FUNCTION2.TimKiemGiangVien_HocKy_ChiTiet" name="SearchBangBieu6" time="0.000">
    <skipped/>
  </testcase> <!-- SearchBangBieu6 -->
  <system-out/>
  <testcase classname="FUNCTION2.TimKiemGiangVien_HocKy_ChiTiet" name="SearchBangBieu1" time="0.000">
    <skipped/>
  </testcase> <!-- SearchBangBieu1 -->
  <system-out/>
  <testcase classname="FUNCTION2.TimKiemGiangVien_HocKy_ChiTiet" name="SearchBangBieu8" time="0.000">
    <skipped/>
  </testcase> <!-- SearchBangBieu8 -->
  <system-out/>
  <testcase classname="FUNCTION2.TimKiemGiangVien_HocKy_ChiTiet" name="SearchBangBieu2" time="0.000">
    <skipped/>
  </testcase> <!-- SearchBangBieu2 -->
  <system-out/>
</testsuite> <!-- FUNCTION2.TimKiemGiangVien_HocKy_ChiTiet -->
